<?xml version="1.0" encoding="utf-8" standalone="yes"?>
<!DOCTYPE report PUBLIC "-//JACOCO//DTD Report 1.0//EN"
        "report.dtd">
<report name="JaCoCo Maven plug-in example for Java project">
    <sessioninfo id="pcname" start="1502989510414"
                 dump="1502989510978" />
    <package name="org/jacoco/examples/maven/java">
        <class name="org/jacoco/examples/maven/java/HelloWorld">
            <method name="&lt;init&gt;" desc="()V" line="3">
                <counter type="INSTRUCTION" missed="0" covered="3" />
                <counter type="LINE" missed="0" covered="1" />
                <counter type="COMPLEXITY" missed="0" covered="1" />
                <counter type="METHOD" missed="0" covered="1" />
            </method>
            <method name="getMessage" desc="(Z)Ljava/lang/String;"
                    line="6">
                <counter type="INSTRUCTION" missed="2" covered="4" />
                <counter type="BRANCH" missed="1" covered="1" />
                <counter type="LINE" missed="1" covered="2" />
                <counter type="COMPLEXITY" missed="1" covered="1" />
                <counter type="METHOD" missed="0" covered="1" />
            </method>
            <counter type="INSTRUCTION" missed="2" covered="7" />
            <counter type="BRANCH" missed="1" covered="1" />
            <counter type="LINE" missed="1" covered="3" />
            <counter type="COMPLEXITY" missed="1" covered="2" />
            <counter type="METHOD" missed="0" covered="2" />
            <counter type="CLASS" missed="0" covered="1" />
        </class>
        <sourcefile name="HelloWorld.java">
            <line nr="3" mi="0" ci="3" mb="0" cb="0" />
            <line nr="6" mi="0" ci="2" mb="1" cb="1" />
            <line nr="7" mi="2" ci="0" mb="0" cb="0" />
            <line nr="9" mi="0" ci="2" mb="0" cb="0" />
            <counter type="INSTRUCTION" missed="2" covered="7" />
            <counter type="BRANCH" missed="1" covered="1" />
            <counter type="LINE" missed="1" covered="3" />
            <counter type="COMPLEXITY" missed="1" covered="2" />
            <counter type="METHOD" missed="0" covered="2" />
            <counter type="CLASS" missed="0" covered="1" />
        </sourcefile>
        <counter type="INSTRUCTION" missed="2" covered="7" />
        <counter type="BRANCH" missed="1" covered="1" />
        <counter type="LINE" missed="1" covered="3" />
        <counter type="COMPLEXITY" missed="1" covered="2" />
        <counter type="METHOD" missed="0" covered="2" />
        <counter type="CLASS" missed="0" covered="1" />
    </package>
    <package name="org/jacoco/examples/maven/java/New">
        <class name="org/jacoco/examples/maven/java/New/HelloWorld">
            <method name="&lt;init&gt;" desc="()V" line="3">
                <counter type="INSTRUCTION" missed="3" covered="0" />
                <counter type="LINE" missed="1" covered="0" />
                <counter type="COMPLEXITY" missed="1" covered="0" />
                <counter type="METHOD" missed="1" covered="0" />
            </method>
            <method name="getMessage" desc="(Z)Ljava/lang/String;"
                    line="6">
                <counter type="INSTRUCTION" missed="6" covered="0" />
                <counter type="BRANCH" missed="2" covered="0" />
                <counter type="LINE" missed="3" covered="0" />
                <counter type="COMPLEXITY" missed="2" covered="0" />
                <counter type="METHOD" missed="1" covered="0" />
            </method>
            <counter type="INSTRUCTION" missed="9" covered="0" />
            <counter type="BRANCH" missed="2" covered="0" />
            <counter type="LINE" missed="4" covered="0" />
            <counter type="COMPLEXITY" missed="3" covered="0" />
            <counter type="METHOD" missed="2" covered="0" />
            <counter type="CLASS" missed="1" covered="0" />
        </class>
        <sourcefile name="HelloWorld.java">
            <line nr="3" mi="3" ci="0" mb="0" cb="0" />
            <line nr="6" mi="2" ci="0" mb="2" cb="0" />
            <line nr="7" mi="2" ci="0" mb="0" cb="0" />
            <line nr="9" mi="2" ci="0" mb="0" cb="0" />
            <counter type="INSTRUCTION" missed="9" covered="0" />
            <counter type="BRANCH" missed="2" covered="0" />
            <counter type="LINE" missed="4" covered="0" />
            <counter type="COMPLEXITY" missed="3" covered="0" />
            <counter type="METHOD" missed="2" covered="0" />
            <counter type="CLASS" missed="1" covered="0" />
        </sourcefile>
        <counter type="INSTRUCTION" missed="9" covered="0" />
        <counter type="BRANCH" missed="2" covered="0" />
        <counter type="LINE" missed="4" covered="0" />
        <counter type="COMPLEXITY" missed="3" covered="0" />
        <counter type="METHOD" missed="2" covered="0" />
        <counter type="CLASS" missed="1" covered="0" />
    </package>
    <counter type="INSTRUCTION" missed="11" covered="7" />
    <counter type="BRANCH" missed="3" covered="1" />
    <counter type="LINE" missed="5" covered="3" />
    <counter type="COMPLEXITY" missed="4" covered="2" />
    <counter type="METHOD" missed="2" covered="2" />
    <counter type="CLASS" missed="1" covered="1" />
</report>
